testtest2----- $sql : INSERT INTO tb_mypet (
                customer_id, 
                name, 
                name_for_owner, 
                type, 
                pet_type, 
                pet_type2, 
                year, 
                month, 
                day, 
                gender, 
                neutral, 
                weight, 
                beauty_exp, 
                vaccination, 
                bite, 
                luxation, 
                etc_for_owner,
                enable_flag
            ) values (
                'openkwang@gmail.com', 
                '', 
                '', 
                'dog', 
                '말티즈', 
                '', 
                , 
                , 
                , 
                'on', 
                '', 
                '3.0', 
                '', 
                '', 
                '', 
                '', 
                '',
                1
            );test2----- $sql : INSERT INTO tb_mypet (
                customer_id, 
                name, 
                name_for_owner, 
                type, 
                pet_type, 
                pet_type2, 
                year, 
                month, 
                day, 
                gender, 
                neutral, 
                weight, 
                beauty_exp, 
                vaccination, 
                bite, 
                luxation, 
                etc_for_owner,
                enable_flag
            ) values (
                'openkwang@gmail.com', 
                '찰스', 
                '찰스', 
                'dog', 
                '말티즈', 
                '', 
                , 
                , 
                , 
                'on', 
                '', 
                '4.0', 
                '', 
                '', 
                '', 
                '', 
                '',
                1
            );test2----- $sql : INSERT INTO tb_mypet (
                customer_id, 
                name, 
                name_for_owner, 
                type, 
                pet_type, 
                pet_type2, 
                year, 
                month, 
                day, 
                gender, 
                neutral, 
                weight, 
                beauty_exp, 
                vaccination, 
                bite, 
                luxation, 
                etc_for_owner,
                enable_flag
            ) values (
                'openkwang@gmail.com', 
                '찰스', 
                '찰스', 
                'dog', 
                '말티즈', 
                '', 
                2022, 
                1, 
                1, 
                'on', 
                '', 
                '5.0', 
                '', 
                '', 
                '', 
                '', 
                '',
                1
            );test2test2----- $sql : INSERT INTO tb_mypet (
                customer_id, 
                name, 
                name_for_owner, 
                type, 
                pet_type, 
                pet_type2, 
                year, 
                month, 
                day, 
                gender, 
                neutral, 
                weight, 
                beauty_exp, 
                vaccination, 
                bite, 
                luxation, 
                etc_for_owner,
                enable_flag
            ) values (
                'openkwang@gmail.com', 
                '누렁이', 
                '누렁이', 
                'cat', 
                '페르시안', 
                '', 
                2022, 
                1, 
                1, 
                'on', 
                '', 
                '4.0', 
                '', 
                '', 
                '', 
                '', 
                '',
                1
            );test2----- $sql : INSERT INTO tb_mypet (
                customer_id, 
                name, 
                name_for_owner, 
                type, 
                pet_type, 
                pet_type2, 
                year, 
                month, 
                day, 
                gender, 
                neutral, 
                weight, 
                beauty_exp, 
                vaccination, 
                bite, 
                luxation, 
                etc_for_owner,
                enable_flag
            ) values (
                'openkwang@gmail.com', 
                '두둥이', 
                '두둥이', 
                'cat', 
                '스코티시폴드', 
                '', 
                2022, 
                1, 
                1, 
                '여아', 
                '', 
                '1.0', 
                '', 
                '', 
                '', 
                '', 
                '',
                1
            );test2test2test2test2----- $sql : INSERT INTO tb_mypet (
                customer_id, 
                name, 
                name_for_owner, 
                type, 
                pet_type, 
                pet_type2, 
                year, 
                month, 
                day, 
                gender, 
                neutral, 
                weight, 
                beauty_exp, 
                vaccination, 
                bite, 
                luxation, 
                etc_for_owner,
                enable_flag
            ) values (
                'lisa@peteasy.kr', 
                '뇽뇽', 
                '뇽뇽', 
                'cat', 
                '코숏', 
                '', 
                2022, 
                1, 
                1, 
                '남아', 
                '', 
                '2.0', 
                '', 
                '', 
                '', 
                '', 
                '',
                1
            );